#
# A fatal error has been detected by the Java Runtime Environment:
#
#  EXCEPTION_ACCESS_VIOLATION (0xc0000005) at pc=0x0000000004d4662c, pid=5696, tid=0x000000000000148c
#
# JRE version: Java(TM) SE Runtime Environment (8.0_112-b15) (build 1.8.0_112-b15)
# Java VM: Java HotSpot(TM) 64-Bit Server VM (25.112-b15 mixed mode windows-amd64 compressed oops)
# Problematic frame:
# J 12814 C1 com.sun.tools.javac.comp.Check.checkVarargsMethodDecl(Lcom/sun/tools/javac/comp/Env;Lcom/sun/tools/javac/tree/JCTree$JCMethodDecl;)V (315 bytes) @ 0x0000000004d4662c [0x0000000004d46460+0x1cc]
#
# Failed to write core dump. Minidumps are not enabled by default on client versions of Windows
#
# If you would like to submit a bug report, please visit:
#   http://bugreport.java.com/bugreport/crash.jsp
#

---------------  T H R E A D  ---------------

Current thread (0x000000005b4a8000):  JavaThread "Daemon worker Thread 8" [_thread_in_Java, id=5260, stack(0x0000000059620000,0x0000000059720000)]

siginfo: ExceptionCode=0xc0000005, writing address 0x00000000397b54f0

Registers:
RAX=0x00000000ebf86c38, RBX=0x0000000014c6c918, RCX=0x0000000000000000, RDX=0x00000000ef4ac270
RSP=0x000000005971a290, RBP=0x00000000ebf973d0, RSI=0x000000005ef98b70, RDI=0x000000005ef98b70
R8 =0x00000000ef4ac270, R9 =0x00000000ec4bc3b0, R10=0x0000000400000000, R11=0x0000000014c3d8a8
R12=0x0000000000000000, R13=0x00000000ef4b3fa0, R14=0x0000000000000001, R15=0x000000005b4a8000
RIP=0x0000000004d4662c, EFLAGS=0x0000000000010246

Top of Stack: (sp=0x000000005971a290)
0x000000005971a290:   00000000ebf96898 0000000003b0448c
0x000000005971a2a0:   00000000ebf973d0 0000000004bf7dfc
0x000000005971a2b0:   00000000ebf995f8 000000000490f950
0x000000005971a2c0:   00000000ec4b38a8 00000000ebf99610
0x000000005971a2d0:   00000000ef4b3ef0 00000000ebf990d0
0x000000005971a2e0:   0000000000000001 00000000ef4b46c0
0x000000005971a2f0:   00000000ec4b3808 0000000004348f94
0x000000005971a300:   00000000ebf973d0 0000000004c43cb4
0x000000005971a310:   00000000ebf96898 0000000002897b10
0x000000005971a320:   0000000000000001 00000000ebf96898
0x000000005971a330:   00000000ef4aabc0 00000000ed4bd318
0x000000005971a340:   00000000ef4ac0d0 000000005971a348
0x000000005971a350:   000000005ecde9e5 000000005971a3d0
0x000000005971a360:   000000005ecf0028 0000000060709af0
0x000000005971a370:   000000005ecdea18 0000000000000000
0x000000005971a380:   000000005971a3e0 00000000ebf973d0 

Instructions: (pc=0x0000000004d4662c)
0x0000000004d4660c:   85 fd 0f 00 00 e9 00 00 00 00 4c 8b c0 45 8b 40
0x0000000004d4661c:   10 48 3b 03 48 8b d3 90 90 90 90 e8 94 30 dd fe
0x0000000004d4662c:   08 8b d8 8b b4 24 38 01 00 00 83 fe 00 48 89 9c
0x0000000004d4663c:   24 40 01 00 00 0f 84 25 00 00 00 4c 8b 84 24 20 


Register to memory mapping:

RAX=0x00000000ebf86c38 is an oop
com.sun.tools.javac.code.Type$ClassType 
 - klass: 'com/sun/tools/javac/code/Type$ClassType'
RBX=0x0000000014c6c918 is pointing into metadata
RCX=0x0000000000000000 is an unknown value
RDX=0x00000000ef4ac270 is an oop
com.sun.tools.javac.code.Type$ArrayType$1 
 - klass: 'com/sun/tools/javac/code/Type$ArrayType$1'
RSP=0x000000005971a290 is pointing into the stack for thread: 0x000000005b4a8000
RBP=0x00000000ebf973d0 is an oop
com.sun.tools.javac.comp.Attr 
 - klass: 'com/sun/tools/javac/comp/Attr'
RSI=0x000000005ef98b70 is pointing into metadata
RDI=0x000000005ef98b70 is pointing into metadata
R8 =0x00000000ef4ac270 is an oop
com.sun.tools.javac.code.Type$ArrayType$1 
 - klass: 'com/sun/tools/javac/code/Type$ArrayType$1'
R9 =0x00000000ec4bc3b0 is an oop
com.sun.tools.javac.tree.JCTree$JCMethodDecl 
 - klass: 'com/sun/tools/javac/tree/JCTree$JCMethodDecl'
R10=0x0000000400000000 is an unknown value
R11=0x0000000014c3d8a8 is pointing into metadata
R12=0x0000000000000000 is an unknown value
R13=0x00000000ef4b3fa0 is an oop
com.sun.tools.javac.comp.Env 
 - klass: 'com/sun/tools/javac/comp/Env'
R14=0x0000000000000001 is an unknown value
R15=0x000000005b4a8000 is a thread


Stack: [0x0000000059620000,0x0000000059720000],  sp=0x000000005971a290,  free space=1000k
Native frames: (J=compiled Java code, j=interpreted, Vv=VM code, C=native code)
C  0x0000000004d4662c


---------------  P R O C E S S  ---------------

Java Threads: ( => current thread )
  0x000000005b4b3000 JavaThread "Stdin handler" [_thread_blocked, id=5476, stack(0x000000005eb70000,0x000000005ec70000)]
=>0x000000005b4a8000 JavaThread "Daemon worker Thread 8" [_thread_in_Java, id=5260, stack(0x0000000059620000,0x0000000059720000)]
  0x000000005b4a7000 JavaThread "Cancel handler" [_thread_blocked, id=5428, stack(0x0000000057d30000,0x0000000057e30000)]
  0x000000005b4a8800 JavaThread "Handler for socket connection from /127.0.0.1:56394 to /127.0.0.1:59527" [_thread_in_native, id=4240, stack(0x0000000059750000,0x0000000059850000)]
  0x000000005b4a9800 JavaThread "Daemon Thread 8" [_thread_blocked, id=4840, stack(0x00000000594e0000,0x00000000595e0000)]
  0x000000005b4a5800 JavaThread "File lock request listener" [_thread_in_native, id=5136, stack(0x000000005da10000,0x000000005db10000)]
  0x0000000057663800 JavaThread "Incoming local TCP Connector on port 56394" [_thread_in_native, id=5532, stack(0x00000000590a0000,0x00000000591a0000)]
  0x0000000056b32000 JavaThread "Service Thread" daemon [_thread_blocked, id=5516, stack(0x00000000571c0000,0x00000000572c0000)]
  0x0000000056ac0800 JavaThread "C1 CompilerThread2" daemon [_thread_blocked, id=5420, stack(0x0000000057020000,0x0000000057120000)]
  0x000000005501f000 JavaThread "C2 CompilerThread1" daemon [_thread_blocked, id=2052, stack(0x00000000569c0000,0x0000000056ac0000)]
  0x0000000055017800 JavaThread "C2 CompilerThread0" daemon [_thread_blocked, id=4136, stack(0x00000000566b0000,0x00000000567b0000)]
  0x0000000055012800 JavaThread "Attach Listener" daemon [_thread_blocked, id=5024, stack(0x0000000056400000,0x0000000056500000)]
  0x0000000055011800 JavaThread "Signal Dispatcher" daemon [_thread_blocked, id=5872, stack(0x00000000567b0000,0x00000000568b0000)]
  0x0000000054ffa000 JavaThread "Finalizer" daemon [_thread_blocked, id=2352, stack(0x0000000056560000,0x0000000056660000)]
  0x0000000054fb3000 JavaThread "Reference Handler" daemon [_thread_blocked, id=5976, stack(0x0000000056300000,0x0000000056400000)]
  0x000000000228f000 JavaThread "main" [_thread_blocked, id=4888, stack(0x00000000024c0000,0x00000000025c0000)]

Other Threads:
  0x0000000054fab800 VMThread [stack: 0x0000000056090000,0x0000000056190000] [id=5424]
  0x0000000056b64800 WatcherThread [stack: 0x0000000057370000,0x0000000057470000] [id=4540]

VM state:not at safepoint (normal execution)

VM Mutex/Monitor currently owned by a thread: None

Heap:
 PSYoungGen      total 110592K, used 87158K [0x00000000eab00000, 0x00000000f2680000, 0x0000000100000000)
  eden space 98816K, 76% used [0x00000000eab00000,0x00000000ef4da9f0,0x00000000f0b80000)
  from space 11776K, 97% used [0x00000000f1b00000,0x00000000f2642f40,0x00000000f2680000)
  to   space 13824K, 0% used [0x00000000f0b80000,0x00000000f0b80000,0x00000000f1900000)
 ParOldGen       total 61952K, used 23668K [0x00000000c0000000, 0x00000000c3c80000, 0x00000000eab00000)
  object space 61952K, 38% used [0x00000000c0000000,0x00000000c171d3b0,0x00000000c3c80000)
 Metaspace       used 51942K, capacity 54206K, committed 55808K, reserved 1097728K
  class space    used 6779K, capacity 7085K, committed 7424K, reserved 1048576K

Card table byte_map: [0x0000000011c50000,0x0000000011e60000] byte_map_base: 0x0000000011650000

Marking Bits: (ParMarkBitMap*) 0x00000000706ea6d0
 Begin Bits: [0x0000000012420000, 0x0000000013420000)
 End Bits:   [0x0000000013420000, 0x0000000014420000)

Polling page: 0x0000000001b60000

CodeCache: size=245760Kb used=37654Kb max_used=37680Kb free=208105Kb
 bounds [0x0000000002890000, 0x0000000004da0000, 0x0000000011890000]
 total_blobs=10941 nmethods=10227 adapters=624
 compilation: enabled

Compilation events (10 events):
Event: 7330.203 Thread 0x0000000056ac0800 12844       2       com.sun.tools.javac.jvm.Code::branch (76 bytes)
Event: 7330.205 Thread 0x0000000056ac0800 nmethod 12844 0x0000000004d65ad0 code [0x0000000004d65c40, 0x0000000004d65f38]
Event: 7330.226 Thread 0x0000000056ac0800 12845       1       com.sun.tools.javac.code.Type::isUnbound (2 bytes)
Event: 7330.227 Thread 0x0000000056ac0800 nmethod 12845 0x0000000004d66050 code [0x0000000004d661a0, 0x0000000004d662b0]
Event: 7330.232 Thread 0x0000000056ac0800 12846       2       com.sun.tools.javac.code.Symbol$VarSymbol$1::<init> (17 bytes)
Event: 7330.233 Thread 0x0000000056ac0800 nmethod 12846 0x0000000004d66310 code [0x0000000004d66480, 0x0000000004d66648]
Event: 7330.233 Thread 0x0000000056ac0800 12847       2       com.sun.tools.javac.jvm.Items$MemberItem::store (28 bytes)
Event: 7330.234 Thread 0x0000000056ac0800 nmethod 12847 0x0000000004d66710 code [0x0000000004d66880, 0x0000000004d66a38]
Event: 7330.271 Thread 0x0000000055017800 nmethod 12794 0x0000000004d6bf10 code [0x0000000004d6c4a0, 0x0000000004d6eb40]
Event: 7330.271 Thread 0x0000000055017800 12826       4       com.sun.tools.javac.code.Symbol$MethodSymbol::binaryImplementation (93 bytes)

GC Heap History (10 events):
Event: 3891.354 GC heap before
{Heap before GC invocations=45 (full 8):
 PSYoungGen      total 120832K, used 109996K [0x00000000eab00000, 0x00000000f2d80000, 0x0000000100000000)
  eden space 110080K, 99% used [0x00000000eab00000,0x00000000f166b0b8,0x00000000f1680000)
  from space 10752K, 0% used [0x00000000f2300000,0x00000000f2300000,0x00000000f2d80000)
  to   space 11776K, 0% used [0x00000000f1680000,0x00000000f1680000,0x00000000f2200000)
 ParOldGen       total 61952K, used 31420K [0x00000000c0000000, 0x00000000c3c80000, 0x00000000eab00000)
  object space 61952K, 50% used [0x00000000c0000000,0x00000000c1eaf268,0x00000000c3c80000)
 Metaspace       used 51591K, capacity 54568K, committed 54656K, reserved 1097728K
  class space    used 6841K, capacity 7256K, committed 7296K, reserved 1048576K
Event: 3891.377 GC heap after
Heap after GC invocations=45 (full 8):
 PSYoungGen      total 111616K, used 5259K [0x00000000eab00000, 0x00000000f2880000, 0x0000000100000000)
  eden space 105984K, 0% used [0x00000000eab00000,0x00000000eab00000,0x00000000f1280000)
  from space 5632K, 93% used [0x00000000f1680000,0x00000000f1ba2f40,0x00000000f1c00000)
  to   space 11264K, 0% used [0x00000000f1d80000,0x00000000f1d80000,0x00000000f2880000)
 ParOldGen       total 61952K, used 31428K [0x00000000c0000000, 0x00000000c3c80000, 0x00000000eab00000)
  object space 61952K, 50% used [0x00000000c0000000,0x00000000c1eb1268,0x00000000c3c80000)
 Metaspace       used 51591K, capacity 54568K, committed 54656K, reserved 1097728K
  class space    used 6841K, capacity 7256K, committed 7296K, reserved 1048576K
}
Event: 3896.087 GC heap before
{Heap before GC invocations=46 (full 8):
 PSYoungGen      total 111616K, used 38059K [0x00000000eab00000, 0x00000000f2880000, 0x0000000100000000)
  eden space 105984K, 30% used [0x00000000eab00000,0x00000000ecb07cc8,0x00000000f1280000)
  from space 5632K, 93% used [0x00000000f1680000,0x00000000f1ba2f40,0x00000000f1c00000)
  to   space 11264K, 0% used [0x00000000f1d80000,0x00000000f1d80000,0x00000000f2880000)
 ParOldGen       total 61952K, used 31428K [0x00000000c0000000, 0x00000000c3c80000, 0x00000000eab00000)
  object space 61952K, 50% used [0x00000000c0000000,0x00000000c1eb1268,0x00000000c3c80000)
 Metaspace       used 51659K, capacity 54574K, committed 54656K, reserved 1097728K
  class space    used 6842K, capacity 7257K, committed 7296K, reserved 1048576K
Event: 3896.091 GC heap after
Heap after GC invocations=46 (full 8):
 PSYoungGen      total 117248K, used 1007K [0x00000000eab00000, 0x00000000f2880000, 0x0000000100000000)
  eden space 105984K, 0% used [0x00000000eab00000,0x00000000eab00000,0x00000000f1280000)
  from space 11264K, 8% used [0x00000000f1d80000,0x00000000f1e7bc40,0x00000000f2880000)
  to   space 11264K, 0% used [0x00000000f1280000,0x00000000f1280000,0x00000000f1d80000)
 ParOldGen       total 61952K, used 31428K [0x00000000c0000000, 0x00000000c3c80000, 0x00000000eab00000)
  object space 61952K, 50% used [0x00000000c0000000,0x00000000c1eb1268,0x00000000c3c80000)
 Metaspace       used 51659K, capacity 54574K, committed 54656K, reserved 1097728K
  class space    used 6842K, capacity 7257K, committed 7296K, reserved 1048576K
}
Event: 3896.091 GC heap before
{Heap before GC invocations=47 (full 9):
 PSYoungGen      total 117248K, used 1007K [0x00000000eab00000, 0x00000000f2880000, 0x0000000100000000)
  eden space 105984K, 0% used [0x00000000eab00000,0x00000000eab00000,0x00000000f1280000)
  from space 11264K, 8% used [0x00000000f1d80000,0x00000000f1e7bc40,0x00000000f2880000)
  to   space 11264K, 0% used [0x00000000f1280000,0x00000000f1280000,0x00000000f1d80000)
 ParOldGen       total 61952K, used 31428K [0x00000000c0000000, 0x00000000c3c80000, 0x00000000eab00000)
  object space 61952K, 50% used [0x00000000c0000000,0x00000000c1eb1268,0x00000000c3c80000)
 Metaspace       used 51659K, capacity 54574K, committed 54656K, reserved 1097728K
  class space    used 6842K, capacity 7257K, committed 7296K, reserved 1048576K
Event: 3896.802 GC heap after
Heap after GC invocations=47 (full 9):
 PSYoungGen      total 117248K, used 0K [0x00000000eab00000, 0x00000000f2880000, 0x0000000100000000)
  eden space 105984K, 0% used [0x00000000eab00000,0x00000000eab00000,0x00000000f1280000)
  from space 11264K, 0% used [0x00000000f1d80000,0x00000000f1d80000,0x00000000f2880000)
  to   space 11264K, 0% used [0x00000000f1280000,0x00000000f1280000,0x00000000f1d80000)
 ParOldGen       total 61952K, used 23652K [0x00000000c0000000, 0x00000000c3c80000, 0x00000000eab00000)
  object space 61952K, 38% used [0x00000000c0000000,0x00000000c17193b0,0x00000000c3c80000)
 Metaspace       used 50746K, capacity 52640K, committed 54656K, reserved 1097728K
  class space    used 6639K, capacity 6904K, committed 7296K, reserved 1048576K
}
Event: 7320.391 GC heap before
{Heap before GC invocations=48 (full 9):
 PSYoungGen      total 117248K, used 105984K [0x00000000eab00000, 0x00000000f2880000, 0x0000000100000000)
  eden space 105984K, 100% used [0x00000000eab00000,0x00000000f1280000,0x00000000f1280000)
  from space 11264K, 0% used [0x00000000f1d80000,0x00000000f1d80000,0x00000000f2880000)
  to   space 11264K, 0% used [0x00000000f1280000,0x00000000f1280000,0x00000000f1d80000)
 ParOldGen       total 61952K, used 23652K [0x00000000c0000000, 0x00000000c3c80000, 0x00000000eab00000)
  object space 61952K, 38% used [0x00000000c0000000,0x00000000c17193b0,0x00000000c3c80000)
 Metaspace       used 51097K, capacity 53312K, committed 54912K, reserved 1097728K
  class space    used 6700K, capacity 6995K, committed 7296K, reserved 1048576K
Event: 7320.495 GC heap after
Heap after GC invocations=48 (full 9):
 PSYoungGen      total 111104K, used 8251K [0x00000000eab00000, 0x00000000f2700000, 0x0000000100000000)
  eden space 102400K, 0% used [0x00000000eab00000,0x00000000eab00000,0x00000000f0f00000)
  from space 8704K, 94% used [0x00000000f1280000,0x00000000f1a8ef50,0x00000000f1b00000)
  to   space 12288K, 0% used [0x00000000f1b00000,0x00000000f1b00000,0x00000000f2700000)
 ParOldGen       total 61952K, used 23660K [0x00000000c0000000, 0x00000000c3c80000, 0x00000000eab00000)
  object space 61952K, 38% used [0x00000000c0000000,0x00000000c171b3b0,0x00000000c3c80000)
 Metaspace       used 51097K, capacity 53312K, committed 54912K, reserved 1097728K
  class space    used 6700K, capacity 6995K, committed 7296K, reserved 1048576K
}
Event: 7324.103 GC heap before
{Heap before GC invocations=49 (full 9):
 PSYoungGen      total 111104K, used 110651K [0x00000000eab00000, 0x00000000f2700000, 0x0000000100000000)
  eden space 102400K, 100% used [0x00000000eab00000,0x00000000f0f00000,0x00000000f0f00000)
  from space 8704K, 94% used [0x00000000f1280000,0x00000000f1a8ef50,0x00000000f1b00000)
  to   space 12288K, 0% used [0x00000000f1b00000,0x00000000f1b00000,0x00000000f2700000)
 ParOldGen       total 61952K, used 23660K [0x00000000c0000000, 0x00000000c3c80000, 0x00000000eab00000)
  object space 61952K, 38% used [0x00000000c0000000,0x00000000c171b3b0,0x00000000c3c80000)
 Metaspace       used 51308K, capacity 53586K, committed 55168K, reserved 1097728K
  class space    used 6742K, capacity 7051K, committed 7296K, reserved 1048576K
Event: 7324.159 GC heap after
Heap after GC invocations=49 (full 9):
 PSYoungGen      total 110592K, used 11531K [0x00000000eab00000, 0x00000000f2680000, 0x0000000100000000)
  eden space 98816K, 0% used [0x00000000eab00000,0x00000000eab00000,0x00000000f0b80000)
  from space 11776K, 97% used [0x00000000f1b00000,0x00000000f2642f40,0x00000000f2680000)
  to   space 13824K, 0% used [0x00000000f0b80000,0x00000000f0b80000,0x00000000f1900000)
 ParOldGen       total 61952K, used 23668K [0x00000000c0000000, 0x00000000c3c80000, 0x00000000eab00000)
  object space 61952K, 38% used [0x00000000c0000000,0x00000000c171d3b0,0x00000000c3c80000)
 Metaspace       used 51308K, capacity 53586K, committed 55168K, reserved 1097728K
  class space    used 6742K, capacity 7051K, committed 7296K, reserved 1048576K
}

Deoptimization events (10 events):
Event: 7329.282 Thread 0x000000005b4a8000 Uncommon trap: reason=unstable_if action=reinterpret pc=0x0000000004c2d58c method=com.sun.tools.javac.code.Symbol$MethodSymbol.overrides(Lcom/sun/tools/javac/code/Symbol;Lcom/sun/tools/javac/code/Symbol$TypeSymbol;Lcom/sun/tools/javac/code/Types;Z)Z @ 135
Event: 7329.350 Thread 0x000000005b4a8000 Uncommon trap: reason=class_check action=maybe_recompile pc=0x0000000003869eb8 method=com.sun.tools.javac.code.Types$14.visitClassType(Lcom/sun/tools/javac/code/Type$ClassType;Lcom/sun/tools/javac/code/Symbol;)Lcom/sun/tools/javac/code/Type; @ 82
Event: 7329.353 Thread 0x000000005b4a8000 Uncommon trap: reason=class_check action=maybe_recompile pc=0x0000000003869eb8 method=com.sun.tools.javac.code.Types$14.visitClassType(Lcom/sun/tools/javac/code/Type$ClassType;Lcom/sun/tools/javac/code/Symbol;)Lcom/sun/tools/javac/code/Type; @ 82
Event: 7329.543 Thread 0x000000005b4a8000 Uncommon trap: reason=unstable_if action=reinterpret pc=0x0000000004c3f938 method=com.sun.tools.javac.code.Types$18.visitClassType(Lcom/sun/tools/javac/code/Type$ClassType;Ljava/lang/Void;)Lcom/sun/tools/javac/code/Type; @ 75
Event: 7329.544 Thread 0x000000005b4a8000 Uncommon trap: reason=unstable_if action=reinterpret pc=0x0000000004cc93c4 method=com.sun.tools.javac.code.Types$18.visitClassType(Lcom/sun/tools/javac/code/Type$ClassType;Ljava/lang/Void;)Lcom/sun/tools/javac/code/Type; @ 75
Event: 7329.544 Thread 0x000000005b4a8000 Uncommon trap: reason=unstable_if action=reinterpret pc=0x0000000004ccc654 method=com.sun.tools.javac.code.Types$18.visitClassType(Lcom/sun/tools/javac/code/Type$ClassType;Ljava/lang/Void;)Lcom/sun/tools/javac/code/Type; @ 75
Event: 7329.544 Thread 0x000000005b4a8000 Uncommon trap: reason=unstable_if action=reinterpret pc=0x00000000044c9e84 method=com.sun.tools.javac.code.Types$15.visitType(Lcom/sun/tools/javac/code/Type;Ljava/lang/Boolean;)Lcom/sun/tools/javac/code/Type; @ 14
Event: 7329.545 Thread 0x000000005b4a8000 Uncommon trap: reason=unstable_if action=reinterpret pc=0x0000000004cb7eb4 method=com.sun.tools.javac.code.Types$19.visitClassType(Lcom/sun/tools/javac/code/Type$ClassType;Ljava/lang/Void;)Lcom/sun/tools/javac/util/List; @ 67
Event: 7329.545 Thread 0x000000005b4a8000 Uncommon trap: reason=unstable_if action=reinterpret pc=0x00000000044b55b8 method=com.sun.tools.javac.code.Types$15.visitType(Lcom/sun/tools/javac/code/Type;Ljava/lang/Boolean;)Lcom/sun/tools/javac/code/Type; @ 14
Event: 7329.772 Thread 0x000000005b4a8000 Uncommon trap: reason=unstable_if action=reinterpret pc=0x00000000044f2504 method=com.sun.tools.javac.comp.Lower.boxIfNeeded(Lcom/sun/tools/javac/tree/JCTree;Lcom/sun/tools/javac/code/Type;)Lcom/sun/tools/javac/tree/JCTree; @ 13

Internal exceptions (10 events):
Event: 7318.999 Thread 0x000000005b4a8000 Exception <a 'java/lang/ClassNotFoundException': build_82rw914wjkyy8djzqotuggrdcCustomizer> (0x00000000eb7bd548) thrown at [C:\re\workspace\8-2-build-windows-amd64-cygwin\jdk8u112\7884\hotspot\src\share\vm\classfile\systemDictionary.cpp, line 210]
Event: 7319.613 Thread 0x000000005b4a8000 Exception <a 'java/lang/ClassNotFoundException': build_82rw914wjkyy8djzqotuggrdcBeanInfo> (0x00000000ee420b48) thrown at [C:\re\workspace\8-2-build-windows-amd64-cygwin\jdk8u112\7884\hotspot\src\share\vm\classfile\systemDictionary.cpp, line 210]
Event: 7319.614 Thread 0x000000005b4a8000 Exception <a 'java/lang/ClassNotFoundException': build_82rw914wjkyy8djzqotuggrdcCustomizer> (0x00000000ee42d958) thrown at [C:\re\workspace\8-2-build-windows-amd64-cygwin\jdk8u112\7884\hotspot\src\share\vm\classfile\systemDictionary.cpp, line 210]
Event: 7319.623 Thread 0x000000005b4a8000 Implicit null exception at 0x0000000003ff6bdd to 0x0000000003ff8189
Event: 7319.874 Thread 0x000000005b4a8000 Exception <a 'java/lang/ClassNotFoundException': build_baaid7md5l3m295kr4ziow6zqBeanInfo> (0x00000000eedbb3d0) thrown at [C:\re\workspace\8-2-build-windows-amd64-cygwin\jdk8u112\7884\hotspot\src\share\vm\classfile\systemDictionary.cpp, line 210]
Event: 7319.875 Thread 0x000000005b4a8000 Exception <a 'java/lang/ClassNotFoundException': build_baaid7md5l3m295kr4ziow6zqCustomizer> (0x00000000eedc9a18) thrown at [C:\re\workspace\8-2-build-windows-amd64-cygwin\jdk8u112\7884\hotspot\src\share\vm\classfile\systemDictionary.cpp, line 210]
Event: 7320.071 Thread 0x000000005b4a8000 Implicit null exception at 0x00000000042edfe2 to 0x00000000042f55a9
Event: 7320.329 Thread 0x000000005b4a8000 Exception <a 'java/lang/ClassNotFoundException': groovy/runtime/metaclass/[Lcom/android/build/gradle/internal/ConfigurationProvider;MetaClass> (0x00000000f0ec6768) thrown at [C:\re\workspace\8-2-build-windows-amd64-cygwin\jdk8u112\7884\hotspot\src\share\v
Event: 7321.375 Thread 0x000000005b4a8000 Implicit null exception at 0x0000000004735645 to 0x000000000473ba32
Event: 7328.005 Thread 0x000000005b4a8000 Implicit null exception at 0x0000000004bb473f to 0x0000000004bb47c9

Events (10 events):
Event: 7329.545 Thread 0x000000005b4a8000 DEOPT PACKING pc=0x0000000004cb7eb4 sp=0x0000000059719d20
Event: 7329.545 Thread 0x000000005b4a8000 DEOPT UNPACKING pc=0x00000000028d582a sp=0x0000000059719cb0 mode 2
Event: 7329.545 Thread 0x000000005b4a8000 Uncommon trap: trap_request=0xffffff65 fr.pc=0x00000000044b55b8
Event: 7329.545 Thread 0x000000005b4a8000 DEOPT PACKING pc=0x00000000044b55b8 sp=0x0000000059719990
Event: 7329.545 Thread 0x000000005b4a8000 DEOPT UNPACKING pc=0x00000000028d582a sp=0x0000000059719940 mode 2
Event: 7329.772 Thread 0x000000005b4a8000 Uncommon trap: trap_request=0xffffff65 fr.pc=0x00000000044f2504
Event: 7329.772 Thread 0x000000005b4a8000 DEOPT PACKING pc=0x00000000044f2504 sp=0x000000005971a0d0
Event: 7329.772 Thread 0x000000005b4a8000 DEOPT UNPACKING pc=0x00000000028d582a sp=0x0000000059719fd0 mode 2
Event: 7329.890 Executing VM operation: ForceSafepoint
Event: 7329.891 Executing VM operation: ForceSafepoint done


Dynamic libraries:
0x000000013f210000 - 0x000000013f247000 	C:\Program Files\Java\jdk1.8.0_112\bin\java.exe
0x0000000077b40000 - 0x0000000077ce9000 	C:\Windows\SYSTEM32\ntdll.dll
0x0000000077a20000 - 0x0000000077b40000 	C:\Windows\system32\kernel32.dll
0x000007fefd900000 - 0x000007fefd96b000 	C:\Windows\system32\KERNELBASE.dll
0x000007fefdca0000 - 0x000007fefdd7b000 	C:\Windows\system32\ADVAPI32.dll
0x000007feff770000 - 0x000007feff80f000 	C:\Windows\system32\msvcrt.dll
0x000007feffcf0000 - 0x000007feffd0f000 	C:\Windows\SYSTEM32\sechost.dll
0x000007feff4b0000 - 0x000007feff5dd000 	C:\Windows\system32\RPCRT4.dll
0x0000000077920000 - 0x0000000077a1a000 	C:\Windows\system32\USER32.dll
0x000007feffd10000 - 0x000007feffd77000 	C:\Windows\system32\GDI32.dll
0x000007feffab0000 - 0x000007feffabe000 	C:\Windows\system32\LPK.dll
0x000007feffd80000 - 0x000007feffe4a000 	C:\Windows\system32\USP10.dll
0x000007fefc4e0000 - 0x000007fefc6d4000 	C:\Windows\WinSxS\amd64_microsoft.windows.common-controls_6595b64144ccf1df_6.0.7601.18837_none_fa3b1e3d17594757\COMCTL32.dll
0x000007feff610000 - 0x000007feff681000 	C:\Windows\system32\SHLWAPI.dll
0x000007feff5e0000 - 0x000007feff60e000 	C:\Windows\system32\IMM32.DLL
0x000007fefde00000 - 0x000007fefdf09000 	C:\Windows\system32\MSCTF.dll
0x000000006eec0000 - 0x000000006ef92000 	C:\Program Files\Java\jdk1.8.0_112\jre\bin\msvcr100.dll
0x000000006fed0000 - 0x000000007076a000 	C:\Program Files\Java\jdk1.8.0_112\jre\bin\server\jvm.dll
0x000007fefc2d0000 - 0x000007fefc2d9000 	C:\Windows\system32\WSOCK32.dll
0x000007feffa50000 - 0x000007feffa9d000 	C:\Windows\system32\WS2_32.dll
0x000007feffaa0000 - 0x000007feffaa8000 	C:\Windows\system32\NSI.dll
0x000007fefba50000 - 0x000007fefba8b000 	C:\Windows\system32\WINMM.dll
0x000007fefc9d0000 - 0x000007fefc9dc000 	C:\Windows\system32\VERSION.dll
0x0000000077d10000 - 0x0000000077d17000 	C:\Windows\system32\PSAPI.DLL
0x0000000075480000 - 0x000000007548f000 	C:\Program Files\Java\jdk1.8.0_112\jre\bin\verify.dll
0x00000000735f0000 - 0x0000000073619000 	C:\Program Files\Java\jdk1.8.0_112\jre\bin\java.dll
0x00000000732a0000 - 0x00000000732b6000 	C:\Program Files\Java\jdk1.8.0_112\jre\bin\zip.dll
0x000007fefdf10000 - 0x000007fefec99000 	C:\Windows\system32\SHELL32.dll
0x000007feff2a0000 - 0x000007feff4a3000 	C:\Windows\system32\ole32.dll
0x000007fefd8e0000 - 0x000007fefd8ef000 	C:\Windows\system32\profapi.dll
0x0000000071390000 - 0x00000000713aa000 	C:\Program Files\Java\jdk1.8.0_112\jre\bin\net.dll
0x000007fefd080000 - 0x000007fefd0d5000 	C:\Windows\system32\mswsock.dll
0x000007fefd070000 - 0x000007fefd077000 	C:\Windows\System32\wship6.dll
0x0000000070970000 - 0x0000000070981000 	C:\Program Files\Java\jdk1.8.0_112\jre\bin\nio.dll
0x000007fef0d10000 - 0x000007fef0d22000 	C:\Users\think\.gradle\gradle-3.3\native\19\windows-amd64\native-platform.dll
0x000007fefab90000 - 0x000007fefabb7000 	C:\Windows\system32\IPHLPAPI.DLL
0x000007fefab70000 - 0x000007fefab7b000 	C:\Windows\system32\WINNSI.DLL
0x000007fefa570000 - 0x000007fefa581000 	C:\Windows\system32\dhcpcsvc6.DLL
0x000007fefa9f0000 - 0x000007fefaa08000 	C:\Windows\system32\dhcpcsvc.DLL
0x000007fefd0e0000 - 0x000007fefd0f8000 	C:\Windows\system32\CRYPTSP.dll
0x000007fefcde0000 - 0x000007fefce27000 	C:\Windows\system32\rsaenh.dll
0x000007fefdc80000 - 0x000007fefdc9e000 	C:\Windows\system32\USERENV.dll
0x000007fefd740000 - 0x000007fefd74f000 	C:\Windows\system32\CRYPTBASE.dll
0x000007fefd6e0000 - 0x000007fefd737000 	C:\Windows\system32\apphelp.dll
0x0000000075490000 - 0x000000007549d000 	C:\Program Files\Java\jdk1.8.0_112\jre\bin\management.dll
0x000007fef2360000 - 0x000007fef2485000 	C:\Windows\system32\dbghelp.dll

VM Arguments:
jvm_args: -XX:MaxPermSize=256m -XX:+HeapDumpOnOutOfMemoryError -Xmx1024m -Dfile.encoding=windows-1252 -Duser.country=US -Duser.language=en -Duser.variant 
java_command: org.gradle.launcher.daemon.bootstrap.GradleDaemon 2.8
java_class_path (initial): C:\Users\think\.gradle\gradle-3.3\wrapper\dists\gradle-2.8-all\ah86jmo43de9lfa8xg9ux3c4h\gradle-2.8\lib\gradle-launcher-2.8.jar
Launcher Type: SUN_STANDARD

Environment Variables:
JAVA_HOME=C:\Program Files\Java\jdk1.8.0_112
PATH=C:\ProgramData\Oracle\Java\javapath;C:\Windows\system32;C:\Windows;C:\Windows\System32\Wbem;C:\Windows\System32\WindowsPowerShell\v1.0\;C:\Program Files\Java\jdk1.8.0_112;C:\Users\think\AppData\Local\Android\sdk\platform-tools;C:\Users\think\AppData\Local\Android\sdk\tools;C:\Program Files\Git\cmd;C:\Users\think\AppData\Local\Android\sdk;C:\SQLite;C:\Users\think\AppData\Local\Android\sdk\platform-tools;C:\Program Files\Java\jdk1.8.0_112\bin;C:\adb;E:\downloads\Data Value\APK-Multi-Tool-Stable-RELEASE\other;C:\Program Files\Java\jdk1.8.0_112\bin;
USERNAME=think
OS=Windows_NT
PROCESSOR_IDENTIFIER=Intel64 Family 6 Model 42 Stepping 7, GenuineIntel



---------------  S Y S T E M  ---------------

OS: Windows 7 , 64 bit Build 7601 (6.1.7601.23250)

CPU:total 4 (2 cores per cpu, 2 threads per core) family 6 model 42 stepping 7, cmov, cx8, fxsr, mmx, sse, sse2, sse3, ssse3, sse4.1, sse4.2, popcnt, avx, clmul, ht, tsc, tscinvbit

Memory: 4k page, physical 4102936k(827620k free), swap 8204016k(3506324k free)

vm_info: Java HotSpot(TM) 64-Bit Server VM (25.112-b15) for windows-amd64 JRE (1.8.0_112-b15), built on Sep 22 2016 21:31:56 by "java_re" with MS VC++ 10.0 (VS2010)

time: Tue Sep 05 17:10:36 2017
elapsed time: 7330 seconds (0d 2h 2m 10s)

